<?xml version="1.0" encoding="UTF-8"?>
<!-- Generated by org.testng.reporters.JUnitReportReporter -->
<testsuite skipped="0" hostname="DESKTOP-KIH8VHJ" name="Runner.BigSmall" tests="10" failures="0" timestamp="2021-11-20T22:46:09 IST" time="92.789" errors="0">
  <testcase name="Allofit" time="9.325" classname="Runner.BigSmall"/>
  <system-out/>
  <testcase name="searchprod" time="9.615" classname="Runner.BigSmall"/>
  <system-out/>
  <testcase name="birthdaygifts" time="9.560" classname="Runner.BigSmall"/>
  <system-out/>
  <testcase name="shopbycategory" time="7.970" classname="Runner.BigSmall"/>
  <system-out/>
  <testcase name="Homeandlifestyle" time="7.959" classname="Runner.BigSmall"/>
  <system-out/>
  <testcase name="OfficialMerchandise" time="8.448" classname="Runner.BigSmall"/>
  <system-out/>
  <testcase name="WhatsNew" time="7.576" classname="Runner.BigSmall"/>
  <system-out/>
  <testcase name="PersonalizedGifts" time="12.320" classname="Runner.BigSmall"/>
  <system-out/>
  <testcase name="CorporateGifts" time="8.375" classname="Runner.BigSmall"/>
  <system-out/>
  <testcase name="ChristmasGifts" time="11.641" classname="Runner.BigSmall"/>
  <system-out/>
</testsuite> <!-- Runner.BigSmall -->
