<?xml version="1.0" encoding="UTF-8"?>
<!-- Generated by org.testng.reporters.JUnitReportReporter -->
<testsuite skipped="0" hostname="DESKTOP-KIH8VHJ" name="Runner.BigSmall" tests="1" failures="0" timestamp="2021-11-18T14:43:45 IST" time="15.096" errors="0">
  <testcase name="search" time="15.096" classname="Runner.BigSmall"/>
</testsuite> <!-- Runner.BigSmall -->
